2016-10-21 11:53:26,991 - SimpleLog4JLogSystem initialized using logfile 'velocity.log'
2016-10-21 11:53:26,992 - ************************************************************** 
2016-10-21 11:53:26,992 - Starting Jakarta Velocity v1.4
2016-10-21 11:53:26,992 - RuntimeInstance initializing.
2016-10-21 11:53:26,992 - Default Properties File: org\apache\velocity\runtime\defaults\velocity.properties
2016-10-21 11:53:26,992 - Trying to use logger class org.apache.velocity.runtime.log.SimpleLog4JLogSystem
2016-10-21 11:53:26,992 - Using logger class org.apache.velocity.runtime.log.SimpleLog4JLogSystem
2016-10-21 11:53:26,995 - Default ResourceManager initializing. (class org.apache.velocity.runtime.resource.ResourceManagerImpl)
2016-10-21 11:53:26,999 - Resource Loader Instantiated: org.apache.velocity.runtime.resource.loader.ClasspathResourceLoader
2016-10-21 11:53:26,999 - ClasspathResourceLoader : initialization starting.
2016-10-21 11:53:26,999 - ClasspathResourceLoader : initialization complete.
2016-10-21 11:53:27,001 - ResourceCache : initialized. (class org.apache.velocity.runtime.resource.ResourceCacheImpl)
2016-10-21 11:53:27,001 - Default ResourceManager initialization complete.
2016-10-21 11:53:27,005 - Loaded System Directive: org.apache.velocity.runtime.directive.Literal
2016-10-21 11:53:27,008 - Loaded System Directive: org.apache.velocity.runtime.directive.Macro
2016-10-21 11:53:27,012 - Loaded System Directive: org.apache.velocity.runtime.directive.Parse
2016-10-21 11:53:27,014 - Loaded System Directive: org.apache.velocity.runtime.directive.Include
2016-10-21 11:53:27,015 - Loaded System Directive: org.apache.velocity.runtime.directive.Foreach
2016-10-21 11:53:27,051 - Created: 20 parsers.
2016-10-21 11:53:27,064 - Velocimacro : initialization starting.
2016-10-21 11:53:27,064 - Velocimacro : adding VMs from VM library template : VM_global_library.vm
2016-10-21 11:53:27,075 - ResourceManager : unable to find resource 'VM_global_library.vm' in any resource loader.
2016-10-21 11:53:27,075 - Velocimacro : error using  VM library template VM_global_library.vm : org.apache.velocity.exception.ResourceNotFoundException: Unable to find resource 'VM_global_library.vm'
2016-10-21 11:53:27,075 - Velocimacro :  VM library template macro registration complete.
2016-10-21 11:53:27,075 - Velocimacro : allowInline = true : VMs can be defined inline in templates
2016-10-21 11:53:27,075 - Velocimacro : allowInlineToOverride = false : VMs defined inline may NOT replace previous VM definitions
2016-10-21 11:53:27,075 - Velocimacro : allowInlineLocal = false : VMs defined inline will be  global in scope if allowed.
2016-10-21 11:53:27,075 - Velocimacro : messages on  : VM system will output logging messages
2016-10-21 11:53:27,075 - Velocimacro : autoload off  : VM system will not automatically reload global library macros
2016-10-21 11:53:27,075 - Velocimacro : initialization complete.
2016-10-21 11:53:27,075 - Velocity successfully started.
2016-10-21 11:56:33,868 - SimpleLog4JLogSystem initialized using logfile 'velocity.log'
2016-10-21 11:56:33,868 - ************************************************************** 
2016-10-21 11:56:33,868 - Starting Jakarta Velocity v1.4
2016-10-21 11:56:33,868 - RuntimeInstance initializing.
2016-10-21 11:56:33,868 - Default Properties File: org\apache\velocity\runtime\defaults\velocity.properties
2016-10-21 11:56:33,868 - Trying to use logger class org.apache.velocity.runtime.log.SimpleLog4JLogSystem
2016-10-21 11:56:33,868 - Using logger class org.apache.velocity.runtime.log.SimpleLog4JLogSystem
2016-10-21 11:56:33,872 - Default ResourceManager initializing. (class org.apache.velocity.runtime.resource.ResourceManagerImpl)
2016-10-21 11:56:33,875 - Resource Loader Instantiated: org.apache.velocity.runtime.resource.loader.ClasspathResourceLoader
2016-10-21 11:56:33,875 - ClasspathResourceLoader : initialization starting.
2016-10-21 11:56:33,875 - ClasspathResourceLoader : initialization complete.
2016-10-21 11:56:33,878 - ResourceCache : initialized. (class org.apache.velocity.runtime.resource.ResourceCacheImpl)
2016-10-21 11:56:33,878 - Default ResourceManager initialization complete.
2016-10-21 11:56:33,881 - Loaded System Directive: org.apache.velocity.runtime.directive.Literal
2016-10-21 11:56:33,885 - Loaded System Directive: org.apache.velocity.runtime.directive.Macro
2016-10-21 11:56:33,888 - Loaded System Directive: org.apache.velocity.runtime.directive.Parse
2016-10-21 11:56:33,891 - Loaded System Directive: org.apache.velocity.runtime.directive.Include
2016-10-21 11:56:33,892 - Loaded System Directive: org.apache.velocity.runtime.directive.Foreach
2016-10-21 11:56:33,928 - Created: 20 parsers.
2016-10-21 11:56:33,941 - Velocimacro : initialization starting.
2016-10-21 11:56:33,941 - Velocimacro : adding VMs from VM library template : VM_global_library.vm
2016-10-21 11:56:33,952 - ResourceManager : unable to find resource 'VM_global_library.vm' in any resource loader.
2016-10-21 11:56:33,952 - Velocimacro : error using  VM library template VM_global_library.vm : org.apache.velocity.exception.ResourceNotFoundException: Unable to find resource 'VM_global_library.vm'
2016-10-21 11:56:33,952 - Velocimacro :  VM library template macro registration complete.
2016-10-21 11:56:33,952 - Velocimacro : allowInline = true : VMs can be defined inline in templates
2016-10-21 11:56:33,952 - Velocimacro : allowInlineToOverride = false : VMs defined inline may NOT replace previous VM definitions
2016-10-21 11:56:33,952 - Velocimacro : allowInlineLocal = false : VMs defined inline will be  global in scope if allowed.
2016-10-21 11:56:33,952 - Velocimacro : messages on  : VM system will output logging messages
2016-10-21 11:56:33,952 - Velocimacro : autoload off  : VM system will not automatically reload global library macros
2016-10-21 11:56:33,952 - Velocimacro : initialization complete.
2016-10-21 11:56:33,952 - Velocity successfully started.
2016-10-21 12:01:11,347 - SimpleLog4JLogSystem initialized using logfile 'velocity.log'
2016-10-21 12:01:11,347 - ************************************************************** 
2016-10-21 12:01:11,347 - Starting Jakarta Velocity v1.4
2016-10-21 12:01:11,347 - RuntimeInstance initializing.
2016-10-21 12:01:11,347 - Default Properties File: org\apache\velocity\runtime\defaults\velocity.properties
2016-10-21 12:01:11,347 - Trying to use logger class org.apache.velocity.runtime.log.SimpleLog4JLogSystem
2016-10-21 12:01:11,347 - Using logger class org.apache.velocity.runtime.log.SimpleLog4JLogSystem
2016-10-21 12:01:11,351 - Default ResourceManager initializing. (class org.apache.velocity.runtime.resource.ResourceManagerImpl)
2016-10-21 12:01:11,354 - Resource Loader Instantiated: org.apache.velocity.runtime.resource.loader.ClasspathResourceLoader
2016-10-21 12:01:11,354 - ClasspathResourceLoader : initialization starting.
2016-10-21 12:01:11,354 - ClasspathResourceLoader : initialization complete.
2016-10-21 12:01:11,356 - ResourceCache : initialized. (class org.apache.velocity.runtime.resource.ResourceCacheImpl)
2016-10-21 12:01:11,356 - Default ResourceManager initialization complete.
2016-10-21 12:01:11,360 - Loaded System Directive: org.apache.velocity.runtime.directive.Literal
2016-10-21 12:01:11,364 - Loaded System Directive: org.apache.velocity.runtime.directive.Macro
2016-10-21 12:01:11,367 - Loaded System Directive: org.apache.velocity.runtime.directive.Parse
2016-10-21 12:01:11,369 - Loaded System Directive: org.apache.velocity.runtime.directive.Include
2016-10-21 12:01:11,371 - Loaded System Directive: org.apache.velocity.runtime.directive.Foreach
2016-10-21 12:01:11,407 - Created: 20 parsers.
2016-10-21 12:01:11,420 - Velocimacro : initialization starting.
2016-10-21 12:01:11,420 - Velocimacro : adding VMs from VM library template : VM_global_library.vm
2016-10-21 12:01:11,431 - ResourceManager : unable to find resource 'VM_global_library.vm' in any resource loader.
2016-10-21 12:01:11,431 - Velocimacro : error using  VM library template VM_global_library.vm : org.apache.velocity.exception.ResourceNotFoundException: Unable to find resource 'VM_global_library.vm'
2016-10-21 12:01:11,431 - Velocimacro :  VM library template macro registration complete.
2016-10-21 12:01:11,431 - Velocimacro : allowInline = true : VMs can be defined inline in templates
2016-10-21 12:01:11,431 - Velocimacro : allowInlineToOverride = false : VMs defined inline may NOT replace previous VM definitions
2016-10-21 12:01:11,431 - Velocimacro : allowInlineLocal = false : VMs defined inline will be  global in scope if allowed.
2016-10-21 12:01:11,431 - Velocimacro : messages on  : VM system will output logging messages
2016-10-21 12:01:11,432 - Velocimacro : autoload off  : VM system will not automatically reload global library macros
2016-10-21 12:01:11,432 - Velocimacro : initialization complete.
2016-10-21 12:01:11,432 - Velocity successfully started.
2016-10-21 12:02:05,113 - SimpleLog4JLogSystem initialized using logfile 'velocity.log'
2016-10-21 12:02:05,113 - ************************************************************** 
2016-10-21 12:02:05,113 - Starting Jakarta Velocity v1.4
2016-10-21 12:02:05,113 - RuntimeInstance initializing.
2016-10-21 12:02:05,113 - Default Properties File: org\apache\velocity\runtime\defaults\velocity.properties
2016-10-21 12:02:05,113 - Trying to use logger class org.apache.velocity.runtime.log.SimpleLog4JLogSystem
2016-10-21 12:02:05,113 - Using logger class org.apache.velocity.runtime.log.SimpleLog4JLogSystem
2016-10-21 12:02:05,117 - Default ResourceManager initializing. (class org.apache.velocity.runtime.resource.ResourceManagerImpl)
2016-10-21 12:02:05,120 - Resource Loader Instantiated: org.apache.velocity.runtime.resource.loader.ClasspathResourceLoader
2016-10-21 12:02:05,120 - ClasspathResourceLoader : initialization starting.
2016-10-21 12:02:05,120 - ClasspathResourceLoader : initialization complete.
2016-10-21 12:02:05,123 - ResourceCache : initialized. (class org.apache.velocity.runtime.resource.ResourceCacheImpl)
2016-10-21 12:02:05,123 - Default ResourceManager initialization complete.
2016-10-21 12:02:05,126 - Loaded System Directive: org.apache.velocity.runtime.directive.Literal
2016-10-21 12:02:05,131 - Loaded System Directive: org.apache.velocity.runtime.directive.Macro
2016-10-21 12:02:05,135 - Loaded System Directive: org.apache.velocity.runtime.directive.Parse
2016-10-21 12:02:05,137 - Loaded System Directive: org.apache.velocity.runtime.directive.Include
2016-10-21 12:02:05,139 - Loaded System Directive: org.apache.velocity.runtime.directive.Foreach
2016-10-21 12:02:05,176 - Created: 20 parsers.
2016-10-21 12:02:05,190 - Velocimacro : initialization starting.
2016-10-21 12:02:05,190 - Velocimacro : adding VMs from VM library template : VM_global_library.vm
2016-10-21 12:02:05,201 - ResourceManager : unable to find resource 'VM_global_library.vm' in any resource loader.
2016-10-21 12:02:05,201 - Velocimacro : error using  VM library template VM_global_library.vm : org.apache.velocity.exception.ResourceNotFoundException: Unable to find resource 'VM_global_library.vm'
2016-10-21 12:02:05,201 - Velocimacro :  VM library template macro registration complete.
2016-10-21 12:02:05,201 - Velocimacro : allowInline = true : VMs can be defined inline in templates
2016-10-21 12:02:05,201 - Velocimacro : allowInlineToOverride = false : VMs defined inline may NOT replace previous VM definitions
2016-10-21 12:02:05,201 - Velocimacro : allowInlineLocal = false : VMs defined inline will be  global in scope if allowed.
2016-10-21 12:02:05,201 - Velocimacro : messages on  : VM system will output logging messages
2016-10-21 12:02:05,201 - Velocimacro : autoload off  : VM system will not automatically reload global library macros
2016-10-21 12:02:05,201 - Velocimacro : initialization complete.
2016-10-21 12:02:05,201 - Velocity successfully started.
2016-10-21 12:16:15,759 - SimpleLog4JLogSystem initialized using logfile 'velocity.log'
2016-10-21 12:16:15,759 - ************************************************************** 
2016-10-21 12:16:15,760 - Starting Jakarta Velocity v1.4
2016-10-21 12:16:15,760 - RuntimeInstance initializing.
2016-10-21 12:16:15,760 - Default Properties File: org\apache\velocity\runtime\defaults\velocity.properties
2016-10-21 12:16:15,760 - Trying to use logger class org.apache.velocity.runtime.log.SimpleLog4JLogSystem
2016-10-21 12:16:15,760 - Using logger class org.apache.velocity.runtime.log.SimpleLog4JLogSystem
2016-10-21 12:16:15,764 - Default ResourceManager initializing. (class org.apache.velocity.runtime.resource.ResourceManagerImpl)
2016-10-21 12:16:15,767 - Resource Loader Instantiated: org.apache.velocity.runtime.resource.loader.ClasspathResourceLoader
2016-10-21 12:16:15,767 - ClasspathResourceLoader : initialization starting.
2016-10-21 12:16:15,767 - ClasspathResourceLoader : initialization complete.
2016-10-21 12:16:15,770 - ResourceCache : initialized. (class org.apache.velocity.runtime.resource.ResourceCacheImpl)
2016-10-21 12:16:15,770 - Default ResourceManager initialization complete.
2016-10-21 12:16:15,774 - Loaded System Directive: org.apache.velocity.runtime.directive.Literal
2016-10-21 12:16:15,778 - Loaded System Directive: org.apache.velocity.runtime.directive.Macro
2016-10-21 12:16:15,782 - Loaded System Directive: org.apache.velocity.runtime.directive.Parse
2016-10-21 12:16:15,784 - Loaded System Directive: org.apache.velocity.runtime.directive.Include
2016-10-21 12:16:15,785 - Loaded System Directive: org.apache.velocity.runtime.directive.Foreach
2016-10-21 12:16:15,822 - Created: 20 parsers.
2016-10-21 12:16:15,835 - Velocimacro : initialization starting.
2016-10-21 12:16:15,836 - Velocimacro : adding VMs from VM library template : VM_global_library.vm
2016-10-21 12:16:15,847 - ResourceManager : unable to find resource 'VM_global_library.vm' in any resource loader.
2016-10-21 12:16:15,847 - Velocimacro : error using  VM library template VM_global_library.vm : org.apache.velocity.exception.ResourceNotFoundException: Unable to find resource 'VM_global_library.vm'
2016-10-21 12:16:15,847 - Velocimacro :  VM library template macro registration complete.
2016-10-21 12:16:15,847 - Velocimacro : allowInline = true : VMs can be defined inline in templates
2016-10-21 12:16:15,847 - Velocimacro : allowInlineToOverride = false : VMs defined inline may NOT replace previous VM definitions
2016-10-21 12:16:15,847 - Velocimacro : allowInlineLocal = false : VMs defined inline will be  global in scope if allowed.
2016-10-21 12:16:15,847 - Velocimacro : messages on  : VM system will output logging messages
2016-10-21 12:16:15,847 - Velocimacro : autoload off  : VM system will not automatically reload global library macros
2016-10-21 12:16:15,847 - Velocimacro : initialization complete.
2016-10-21 12:16:15,847 - Velocity successfully started.
2016-10-21 14:49:50,278 - SimpleLog4JLogSystem initialized using logfile 'velocity.log'
2016-10-21 14:49:50,279 - ************************************************************** 
2016-10-21 14:49:50,279 - Starting Jakarta Velocity v1.4
2016-10-21 14:49:50,279 - RuntimeInstance initializing.
2016-10-21 14:49:50,279 - Default Properties File: org\apache\velocity\runtime\defaults\velocity.properties
2016-10-21 14:49:50,279 - Trying to use logger class org.apache.velocity.runtime.log.SimpleLog4JLogSystem
2016-10-21 14:49:50,279 - Using logger class org.apache.velocity.runtime.log.SimpleLog4JLogSystem
2016-10-21 14:49:50,283 - Default ResourceManager initializing. (class org.apache.velocity.runtime.resource.ResourceManagerImpl)
2016-10-21 14:49:50,286 - Resource Loader Instantiated: org.apache.velocity.runtime.resource.loader.ClasspathResourceLoader
2016-10-21 14:49:50,286 - ClasspathResourceLoader : initialization starting.
2016-10-21 14:49:50,286 - ClasspathResourceLoader : initialization complete.
2016-10-21 14:49:50,288 - ResourceCache : initialized. (class org.apache.velocity.runtime.resource.ResourceCacheImpl)
2016-10-21 14:49:50,288 - Default ResourceManager initialization complete.
2016-10-21 14:49:50,292 - Loaded System Directive: org.apache.velocity.runtime.directive.Literal
2016-10-21 14:49:50,296 - Loaded System Directive: org.apache.velocity.runtime.directive.Macro
2016-10-21 14:49:50,299 - Loaded System Directive: org.apache.velocity.runtime.directive.Parse
2016-10-21 14:49:50,302 - Loaded System Directive: org.apache.velocity.runtime.directive.Include
2016-10-21 14:49:50,303 - Loaded System Directive: org.apache.velocity.runtime.directive.Foreach
2016-10-21 14:49:50,339 - Created: 20 parsers.
2016-10-21 14:49:50,352 - Velocimacro : initialization starting.
2016-10-21 14:49:50,353 - Velocimacro : adding VMs from VM library template : VM_global_library.vm
2016-10-21 14:49:50,364 - ResourceManager : unable to find resource 'VM_global_library.vm' in any resource loader.
2016-10-21 14:49:50,364 - Velocimacro : error using  VM library template VM_global_library.vm : org.apache.velocity.exception.ResourceNotFoundException: Unable to find resource 'VM_global_library.vm'
2016-10-21 14:49:50,364 - Velocimacro :  VM library template macro registration complete.
2016-10-21 14:49:50,364 - Velocimacro : allowInline = true : VMs can be defined inline in templates
2016-10-21 14:49:50,364 - Velocimacro : allowInlineToOverride = false : VMs defined inline may NOT replace previous VM definitions
2016-10-21 14:49:50,364 - Velocimacro : allowInlineLocal = false : VMs defined inline will be  global in scope if allowed.
2016-10-21 14:49:50,364 - Velocimacro : messages on  : VM system will output logging messages
2016-10-21 14:49:50,364 - Velocimacro : autoload off  : VM system will not automatically reload global library macros
2016-10-21 14:49:50,364 - Velocimacro : initialization complete.
2016-10-21 14:49:50,364 - Velocity successfully started.
2016-10-21 14:53:24,246 - SimpleLog4JLogSystem initialized using logfile 'velocity.log'
2016-10-21 14:53:24,246 - ************************************************************** 
2016-10-21 14:53:24,246 - Starting Jakarta Velocity v1.4
2016-10-21 14:53:24,246 - RuntimeInstance initializing.
2016-10-21 14:53:24,246 - Default Properties File: org\apache\velocity\runtime\defaults\velocity.properties
2016-10-21 14:53:24,246 - Trying to use logger class org.apache.velocity.runtime.log.SimpleLog4JLogSystem
2016-10-21 14:53:24,246 - Using logger class org.apache.velocity.runtime.log.SimpleLog4JLogSystem
2016-10-21 14:53:24,250 - Default ResourceManager initializing. (class org.apache.velocity.runtime.resource.ResourceManagerImpl)
2016-10-21 14:53:24,253 - Resource Loader Instantiated: org.apache.velocity.runtime.resource.loader.ClasspathResourceLoader
2016-10-21 14:53:24,253 - ClasspathResourceLoader : initialization starting.
2016-10-21 14:53:24,253 - ClasspathResourceLoader : initialization complete.
2016-10-21 14:53:24,255 - ResourceCache : initialized. (class org.apache.velocity.runtime.resource.ResourceCacheImpl)
2016-10-21 14:53:24,256 - Default ResourceManager initialization complete.
2016-10-21 14:53:24,259 - Loaded System Directive: org.apache.velocity.runtime.directive.Literal
2016-10-21 14:53:24,263 - Loaded System Directive: org.apache.velocity.runtime.directive.Macro
2016-10-21 14:53:24,266 - Loaded System Directive: org.apache.velocity.runtime.directive.Parse
2016-10-21 14:53:24,269 - Loaded System Directive: org.apache.velocity.runtime.directive.Include
2016-10-21 14:53:24,270 - Loaded System Directive: org.apache.velocity.runtime.directive.Foreach
2016-10-21 14:53:24,306 - Created: 20 parsers.
2016-10-21 14:53:24,319 - Velocimacro : initialization starting.
2016-10-21 14:53:24,319 - Velocimacro : adding VMs from VM library template : VM_global_library.vm
2016-10-21 14:53:24,331 - ResourceManager : unable to find resource 'VM_global_library.vm' in any resource loader.
2016-10-21 14:53:24,331 - Velocimacro : error using  VM library template VM_global_library.vm : org.apache.velocity.exception.ResourceNotFoundException: Unable to find resource 'VM_global_library.vm'
2016-10-21 14:53:24,331 - Velocimacro :  VM library template macro registration complete.
2016-10-21 14:53:24,331 - Velocimacro : allowInline = true : VMs can be defined inline in templates
2016-10-21 14:53:24,331 - Velocimacro : allowInlineToOverride = false : VMs defined inline may NOT replace previous VM definitions
2016-10-21 14:53:24,331 - Velocimacro : allowInlineLocal = false : VMs defined inline will be  global in scope if allowed.
2016-10-21 14:53:24,331 - Velocimacro : messages on  : VM system will output logging messages
2016-10-21 14:53:24,331 - Velocimacro : autoload off  : VM system will not automatically reload global library macros
2016-10-21 14:53:24,331 - Velocimacro : initialization complete.
2016-10-21 14:53:24,331 - Velocity successfully started.
2016-10-21 14:55:11,229 - ResourceManager : found repast/simphony/scenario/Scenario.vt with loader org.apache.velocity.runtime.resource.loader.ClasspathResourceLoader
2016-10-21 14:56:45,188 - ResourceManager : found repast/simphony/scenario/Scenario.vt with loader org.apache.velocity.runtime.resource.loader.ClasspathResourceLoader
2016-10-21 14:58:50,081 - SimpleLog4JLogSystem initialized using logfile 'velocity.log'
2016-10-21 14:58:50,081 - ************************************************************** 
2016-10-21 14:58:50,081 - Starting Jakarta Velocity v1.4
2016-10-21 14:58:50,081 - RuntimeInstance initializing.
2016-10-21 14:58:50,081 - Default Properties File: org\apache\velocity\runtime\defaults\velocity.properties
2016-10-21 14:58:50,081 - Trying to use logger class org.apache.velocity.runtime.log.SimpleLog4JLogSystem
2016-10-21 14:58:50,081 - Using logger class org.apache.velocity.runtime.log.SimpleLog4JLogSystem
2016-10-21 14:58:50,085 - Default ResourceManager initializing. (class org.apache.velocity.runtime.resource.ResourceManagerImpl)
2016-10-21 14:58:50,088 - Resource Loader Instantiated: org.apache.velocity.runtime.resource.loader.ClasspathResourceLoader
2016-10-21 14:58:50,088 - ClasspathResourceLoader : initialization starting.
2016-10-21 14:58:50,088 - ClasspathResourceLoader : initialization complete.
2016-10-21 14:58:50,091 - ResourceCache : initialized. (class org.apache.velocity.runtime.resource.ResourceCacheImpl)
2016-10-21 14:58:50,091 - Default ResourceManager initialization complete.
2016-10-21 14:58:50,094 - Loaded System Directive: org.apache.velocity.runtime.directive.Literal
2016-10-21 14:58:50,098 - Loaded System Directive: org.apache.velocity.runtime.directive.Macro
2016-10-21 14:58:50,101 - Loaded System Directive: org.apache.velocity.runtime.directive.Parse
2016-10-21 14:58:50,104 - Loaded System Directive: org.apache.velocity.runtime.directive.Include
2016-10-21 14:58:50,105 - Loaded System Directive: org.apache.velocity.runtime.directive.Foreach
2016-10-21 14:58:50,142 - Created: 20 parsers.
2016-10-21 14:58:50,156 - Velocimacro : initialization starting.
2016-10-21 14:58:50,156 - Velocimacro : adding VMs from VM library template : VM_global_library.vm
2016-10-21 14:58:50,167 - ResourceManager : unable to find resource 'VM_global_library.vm' in any resource loader.
2016-10-21 14:58:50,167 - Velocimacro : error using  VM library template VM_global_library.vm : org.apache.velocity.exception.ResourceNotFoundException: Unable to find resource 'VM_global_library.vm'
2016-10-21 14:58:50,167 - Velocimacro :  VM library template macro registration complete.
2016-10-21 14:58:50,167 - Velocimacro : allowInline = true : VMs can be defined inline in templates
2016-10-21 14:58:50,167 - Velocimacro : allowInlineToOverride = false : VMs defined inline may NOT replace previous VM definitions
2016-10-21 14:58:50,167 - Velocimacro : allowInlineLocal = false : VMs defined inline will be  global in scope if allowed.
2016-10-21 14:58:50,167 - Velocimacro : messages on  : VM system will output logging messages
2016-10-21 14:58:50,167 - Velocimacro : autoload off  : VM system will not automatically reload global library macros
2016-10-21 14:58:50,167 - Velocimacro : initialization complete.
2016-10-21 14:58:50,167 - Velocity successfully started.
2016-10-21 14:59:05,408 - ResourceManager : found repast/simphony/scenario/Scenario.vt with loader org.apache.velocity.runtime.resource.loader.ClasspathResourceLoader
2016-10-21 15:02:59,491 - SimpleLog4JLogSystem initialized using logfile 'velocity.log'
2016-10-21 15:02:59,491 - ************************************************************** 
2016-10-21 15:02:59,491 - Starting Jakarta Velocity v1.4
2016-10-21 15:02:59,491 - RuntimeInstance initializing.
2016-10-21 15:02:59,491 - Default Properties File: org\apache\velocity\runtime\defaults\velocity.properties
2016-10-21 15:02:59,491 - Trying to use logger class org.apache.velocity.runtime.log.SimpleLog4JLogSystem
2016-10-21 15:02:59,491 - Using logger class org.apache.velocity.runtime.log.SimpleLog4JLogSystem
2016-10-21 15:02:59,495 - Default ResourceManager initializing. (class org.apache.velocity.runtime.resource.ResourceManagerImpl)
2016-10-21 15:02:59,498 - Resource Loader Instantiated: org.apache.velocity.runtime.resource.loader.ClasspathResourceLoader
2016-10-21 15:02:59,498 - ClasspathResourceLoader : initialization starting.
2016-10-21 15:02:59,498 - ClasspathResourceLoader : initialization complete.
2016-10-21 15:02:59,500 - ResourceCache : initialized. (class org.apache.velocity.runtime.resource.ResourceCacheImpl)
2016-10-21 15:02:59,501 - Default ResourceManager initialization complete.
2016-10-21 15:02:59,504 - Loaded System Directive: org.apache.velocity.runtime.directive.Literal
2016-10-21 15:02:59,508 - Loaded System Directive: org.apache.velocity.runtime.directive.Macro
2016-10-21 15:02:59,511 - Loaded System Directive: org.apache.velocity.runtime.directive.Parse
2016-10-21 15:02:59,513 - Loaded System Directive: org.apache.velocity.runtime.directive.Include
2016-10-21 15:02:59,515 - Loaded System Directive: org.apache.velocity.runtime.directive.Foreach
2016-10-21 15:02:59,551 - Created: 20 parsers.
2016-10-21 15:02:59,564 - Velocimacro : initialization starting.
2016-10-21 15:02:59,564 - Velocimacro : adding VMs from VM library template : VM_global_library.vm
2016-10-21 15:02:59,575 - ResourceManager : unable to find resource 'VM_global_library.vm' in any resource loader.
2016-10-21 15:02:59,575 - Velocimacro : error using  VM library template VM_global_library.vm : org.apache.velocity.exception.ResourceNotFoundException: Unable to find resource 'VM_global_library.vm'
2016-10-21 15:02:59,575 - Velocimacro :  VM library template macro registration complete.
2016-10-21 15:02:59,575 - Velocimacro : allowInline = true : VMs can be defined inline in templates
2016-10-21 15:02:59,575 - Velocimacro : allowInlineToOverride = false : VMs defined inline may NOT replace previous VM definitions
2016-10-21 15:02:59,575 - Velocimacro : allowInlineLocal = false : VMs defined inline will be  global in scope if allowed.
2016-10-21 15:02:59,576 - Velocimacro : messages on  : VM system will output logging messages
2016-10-21 15:02:59,576 - Velocimacro : autoload off  : VM system will not automatically reload global library macros
2016-10-21 15:02:59,576 - Velocimacro : initialization complete.
2016-10-21 15:02:59,576 - Velocity successfully started.
2016-10-21 15:15:06,261 - SimpleLog4JLogSystem initialized using logfile 'velocity.log'
2016-10-21 15:15:06,262 - ************************************************************** 
2016-10-21 15:15:06,262 - Starting Jakarta Velocity v1.4
2016-10-21 15:15:06,262 - RuntimeInstance initializing.
2016-10-21 15:15:06,262 - Default Properties File: org\apache\velocity\runtime\defaults\velocity.properties
2016-10-21 15:15:06,262 - Trying to use logger class org.apache.velocity.runtime.log.SimpleLog4JLogSystem
2016-10-21 15:15:06,262 - Using logger class org.apache.velocity.runtime.log.SimpleLog4JLogSystem
2016-10-21 15:15:06,266 - Default ResourceManager initializing. (class org.apache.velocity.runtime.resource.ResourceManagerImpl)
2016-10-21 15:15:06,269 - Resource Loader Instantiated: org.apache.velocity.runtime.resource.loader.ClasspathResourceLoader
2016-10-21 15:15:06,269 - ClasspathResourceLoader : initialization starting.
2016-10-21 15:15:06,269 - ClasspathResourceLoader : initialization complete.
2016-10-21 15:15:06,271 - ResourceCache : initialized. (class org.apache.velocity.runtime.resource.ResourceCacheImpl)
2016-10-21 15:15:06,271 - Default ResourceManager initialization complete.
2016-10-21 15:15:06,275 - Loaded System Directive: org.apache.velocity.runtime.directive.Literal
2016-10-21 15:15:06,279 - Loaded System Directive: org.apache.velocity.runtime.directive.Macro
2016-10-21 15:15:06,283 - Loaded System Directive: org.apache.velocity.runtime.directive.Parse
2016-10-21 15:15:06,285 - Loaded System Directive: org.apache.velocity.runtime.directive.Include
2016-10-21 15:15:06,287 - Loaded System Directive: org.apache.velocity.runtime.directive.Foreach
2016-10-21 15:15:06,325 - Created: 20 parsers.
2016-10-21 15:15:06,339 - Velocimacro : initialization starting.
2016-10-21 15:15:06,339 - Velocimacro : adding VMs from VM library template : VM_global_library.vm
2016-10-21 15:15:06,351 - ResourceManager : unable to find resource 'VM_global_library.vm' in any resource loader.
2016-10-21 15:15:06,351 - Velocimacro : error using  VM library template VM_global_library.vm : org.apache.velocity.exception.ResourceNotFoundException: Unable to find resource 'VM_global_library.vm'
2016-10-21 15:15:06,351 - Velocimacro :  VM library template macro registration complete.
2016-10-21 15:15:06,351 - Velocimacro : allowInline = true : VMs can be defined inline in templates
2016-10-21 15:15:06,351 - Velocimacro : allowInlineToOverride = false : VMs defined inline may NOT replace previous VM definitions
2016-10-21 15:15:06,351 - Velocimacro : allowInlineLocal = false : VMs defined inline will be  global in scope if allowed.
2016-10-21 15:15:06,351 - Velocimacro : messages on  : VM system will output logging messages
2016-10-21 15:15:06,351 - Velocimacro : autoload off  : VM system will not automatically reload global library macros
2016-10-21 15:15:06,351 - Velocimacro : initialization complete.
2016-10-21 15:15:06,351 - Velocity successfully started.
2016-10-21 15:15:41,863 - SimpleLog4JLogSystem initialized using logfile 'velocity.log'
2016-10-21 15:15:41,863 - ************************************************************** 
2016-10-21 15:15:41,863 - Starting Jakarta Velocity v1.4
2016-10-21 15:15:41,863 - RuntimeInstance initializing.
2016-10-21 15:15:41,864 - Default Properties File: org\apache\velocity\runtime\defaults\velocity.properties
2016-10-21 15:15:41,864 - Trying to use logger class org.apache.velocity.runtime.log.SimpleLog4JLogSystem
2016-10-21 15:15:41,864 - Using logger class org.apache.velocity.runtime.log.SimpleLog4JLogSystem
2016-10-21 15:15:41,867 - Default ResourceManager initializing. (class org.apache.velocity.runtime.resource.ResourceManagerImpl)
2016-10-21 15:15:41,871 - Resource Loader Instantiated: org.apache.velocity.runtime.resource.loader.ClasspathResourceLoader
2016-10-21 15:15:41,871 - ClasspathResourceLoader : initialization starting.
2016-10-21 15:15:41,871 - ClasspathResourceLoader : initialization complete.
2016-10-21 15:15:41,873 - ResourceCache : initialized. (class org.apache.velocity.runtime.resource.ResourceCacheImpl)
2016-10-21 15:15:41,873 - Default ResourceManager initialization complete.
2016-10-21 15:15:41,876 - Loaded System Directive: org.apache.velocity.runtime.directive.Literal
2016-10-21 15:15:41,880 - Loaded System Directive: org.apache.velocity.runtime.directive.Macro
2016-10-21 15:15:41,884 - Loaded System Directive: org.apache.velocity.runtime.directive.Parse
2016-10-21 15:15:41,886 - Loaded System Directive: org.apache.velocity.runtime.directive.Include
2016-10-21 15:15:41,887 - Loaded System Directive: org.apache.velocity.runtime.directive.Foreach
2016-10-21 15:15:41,923 - Created: 20 parsers.
2016-10-21 15:15:41,936 - Velocimacro : initialization starting.
2016-10-21 15:15:41,936 - Velocimacro : adding VMs from VM library template : VM_global_library.vm
2016-10-21 15:15:41,947 - ResourceManager : unable to find resource 'VM_global_library.vm' in any resource loader.
2016-10-21 15:15:41,947 - Velocimacro : error using  VM library template VM_global_library.vm : org.apache.velocity.exception.ResourceNotFoundException: Unable to find resource 'VM_global_library.vm'
2016-10-21 15:15:41,948 - Velocimacro :  VM library template macro registration complete.
2016-10-21 15:15:41,948 - Velocimacro : allowInline = true : VMs can be defined inline in templates
2016-10-21 15:15:41,948 - Velocimacro : allowInlineToOverride = false : VMs defined inline may NOT replace previous VM definitions
2016-10-21 15:15:41,948 - Velocimacro : allowInlineLocal = false : VMs defined inline will be  global in scope if allowed.
2016-10-21 15:15:41,948 - Velocimacro : messages on  : VM system will output logging messages
2016-10-21 15:15:41,948 - Velocimacro : autoload off  : VM system will not automatically reload global library macros
2016-10-21 15:15:41,948 - Velocimacro : initialization complete.
2016-10-21 15:15:41,948 - Velocity successfully started.
2018-10-17 16:48:56,628 - SimpleLog4JLogSystem initialized using logfile 'velocity.log'
2018-10-17 16:48:56,642 - ************************************************************** 
2018-10-17 16:48:56,642 - Starting Jakarta Velocity v1.4
2018-10-17 16:48:56,642 - RuntimeInstance initializing.
2018-10-17 16:48:56,642 - Default Properties File: org/apache/velocity/runtime/defaults/velocity.properties
2018-10-17 16:48:56,642 - Trying to use logger class org.apache.velocity.runtime.log.SimpleLog4JLogSystem
2018-10-17 16:48:56,642 - Using logger class org.apache.velocity.runtime.log.SimpleLog4JLogSystem
2018-10-17 16:48:56,656 - Default ResourceManager initializing. (class org.apache.velocity.runtime.resource.ResourceManagerImpl)
2018-10-17 16:48:56,672 - Resource Loader Instantiated: org.apache.velocity.runtime.resource.loader.ClasspathResourceLoader
2018-10-17 16:48:56,672 - ClasspathResourceLoader : initialization starting.
2018-10-17 16:48:56,672 - ClasspathResourceLoader : initialization complete.
2018-10-17 16:48:56,679 - ResourceCache : initialized. (class org.apache.velocity.runtime.resource.ResourceCacheImpl)
2018-10-17 16:48:56,679 - Default ResourceManager initialization complete.
2018-10-17 16:48:56,688 - Loaded System Directive: org.apache.velocity.runtime.directive.Literal
2018-10-17 16:48:56,699 - Loaded System Directive: org.apache.velocity.runtime.directive.Macro
2018-10-17 16:48:56,711 - Loaded System Directive: org.apache.velocity.runtime.directive.Parse
2018-10-17 16:48:56,720 - Loaded System Directive: org.apache.velocity.runtime.directive.Include
2018-10-17 16:48:56,725 - Loaded System Directive: org.apache.velocity.runtime.directive.Foreach
2018-10-17 16:48:56,784 - Created: 20 parsers.
2018-10-17 16:48:56,794 - Velocimacro : initialization starting.
2018-10-17 16:48:56,794 - Velocimacro : adding VMs from VM library template : VM_global_library.vm
2018-10-17 16:48:56,802 - ResourceManager : unable to find resource 'VM_global_library.vm' in any resource loader.
2018-10-17 16:48:56,803 - Velocimacro : error using  VM library template VM_global_library.vm : org.apache.velocity.exception.ResourceNotFoundException: Unable to find resource 'VM_global_library.vm'
2018-10-17 16:48:56,803 - Velocimacro :  VM library template macro registration complete.
2018-10-17 16:48:56,803 - Velocimacro : allowInline = true : VMs can be defined inline in templates
2018-10-17 16:48:56,803 - Velocimacro : allowInlineToOverride = false : VMs defined inline may NOT replace previous VM definitions
2018-10-17 16:48:56,803 - Velocimacro : allowInlineLocal = false : VMs defined inline will be  global in scope if allowed.
2018-10-17 16:48:56,803 - Velocimacro : messages on  : VM system will output logging messages
2018-10-17 16:48:56,803 - Velocimacro : autoload off  : VM system will not automatically reload global library macros
2018-10-17 16:48:56,803 - Velocimacro : initialization complete.
2018-10-17 16:48:56,803 - Velocity successfully started.
