2018-10-24 21:24:05,327 - Trying to use logger class org.apache.velocity.runtime.log.SimpleLog4JLogSystem
2018-10-24 21:24:05,327 - Using logger class org.apache.velocity.runtime.log.SimpleLog4JLogSystem
2018-10-24 21:24:05,329 - Default ResourceManager initializing. (class org.apache.velocity.runtime.resource.ResourceManagerImpl)
2018-10-24 21:24:05,330 - Resource Loader Instantiated: org.apache.velocity.runtime.resource.loader.ClasspathResourceLoader
2018-10-24 21:24:05,330 - ClasspathResourceLoader : initialization starting.
2018-10-24 21:24:05,330 - ClasspathResourceLoader : initialization complete.
2018-10-24 21:24:05,331 - ResourceCache : initialized. (class org.apache.velocity.runtime.resource.ResourceCacheImpl)
2018-10-24 21:24:05,331 - Default ResourceManager initialization complete.
2018-10-24 21:24:05,332 - Loaded System Directive: org.apache.velocity.runtime.directive.Literal
2018-10-24 21:24:05,333 - Loaded System Directive: org.apache.velocity.runtime.directive.Macro
2018-10-24 21:24:05,334 - Loaded System Directive: org.apache.velocity.runtime.directive.Parse
2018-10-24 21:24:05,334 - Loaded System Directive: org.apache.velocity.runtime.directive.Include
2018-10-24 21:24:05,335 - Loaded System Directive: org.apache.velocity.runtime.directive.Foreach
2018-10-24 21:24:05,352 - Created: 20 parsers.
2018-10-24 21:24:05,355 - Velocimacro : initialization starting.
2018-10-24 21:24:05,355 - Velocimacro : adding VMs from VM library template : VM_global_library.vm
2018-10-24 21:24:05,358 - ResourceManager : unable to find resource 'VM_global_library.vm' in any resource loader.
2018-10-24 21:24:05,358 - Velocimacro : error using  VM library template VM_global_library.vm : org.apache.velocity.exception.ResourceNotFoundException: Unable to find resource 'VM_global_library.vm'
2018-10-24 21:24:05,358 - Velocimacro :  VM library template macro registration complete.
2018-10-24 21:24:05,358 - Velocimacro : allowInline = true : VMs can be defined inline in templates
2018-10-24 21:24:05,358 - Velocimacro : allowInlineToOverride = false : VMs defined inline may NOT replace previous VM definitions
2018-10-24 21:24:05,358 - Velocimacro : allowInlineLocal = false : VMs defined inline will be  global in scope if allowed.
2018-10-24 21:24:05,358 - Velocimacro : messages on  : VM system will output logging messages
2018-10-24 21:24:05,358 - Velocimacro : autoload off  : VM system will not automatically reload global library macros
2018-10-24 21:24:05,358 - Velocimacro : initialization complete.
2018-10-24 21:24:05,358 - Velocity successfully started.
2018-10-24 21:24:46,892 - SimpleLog4JLogSystem initialized using logfile 'velocity.log'
2018-10-24 21:24:46,892 - ************************************************************** 
2018-10-24 21:24:46,892 - Starting Jakarta Velocity v1.4
2018-10-24 21:24:46,892 - RuntimeInstance initializing.
2018-10-24 21:24:46,892 - Default Properties File: org\apache\velocity\runtime\defaults\velocity.properties
2018-10-24 21:24:46,892 - Trying to use logger class org.apache.velocity.runtime.log.SimpleLog4JLogSystem
2018-10-24 21:24:46,892 - Using logger class org.apache.velocity.runtime.log.SimpleLog4JLogSystem
2018-10-24 21:24:46,894 - Default ResourceManager initializing. (class org.apache.velocity.runtime.resource.ResourceManagerImpl)
2018-10-24 21:24:46,895 - Resource Loader Instantiated: org.apache.velocity.runtime.resource.loader.ClasspathResourceLoader
2018-10-24 21:24:46,896 - ClasspathResourceLoader : initialization starting.
2018-10-24 21:24:46,896 - ClasspathResourceLoader : initialization complete.
2018-10-24 21:24:46,896 - ResourceCache : initialized. (class org.apache.velocity.runtime.resource.ResourceCacheImpl)
2018-10-24 21:24:46,896 - Default ResourceManager initialization complete.
2018-10-24 21:24:46,897 - Loaded System Directive: org.apache.velocity.runtime.directive.Literal
2018-10-24 21:24:46,898 - Loaded System Directive: org.apache.velocity.runtime.directive.Macro
2018-10-24 21:24:46,899 - Loaded System Directive: org.apache.velocity.runtime.directive.Parse
2018-10-24 21:24:46,900 - Loaded System Directive: org.apache.velocity.runtime.directive.Include
2018-10-24 21:24:46,900 - Loaded System Directive: org.apache.velocity.runtime.directive.Foreach
2018-10-24 21:24:46,919 - Created: 20 parsers.
2018-10-24 21:24:46,923 - Velocimacro : initialization starting.
2018-10-24 21:24:46,923 - Velocimacro : adding VMs from VM library template : VM_global_library.vm
2018-10-24 21:24:46,934 - ResourceManager : unable to find resource 'VM_global_library.vm' in any resource loader.
2018-10-24 21:24:46,934 - Velocimacro : error using  VM library template VM_global_library.vm : org.apache.velocity.exception.ResourceNotFoundException: Unable to find resource 'VM_global_library.vm'
2018-10-24 21:24:46,934 - Velocimacro :  VM library template macro registration complete.
2018-10-24 21:24:46,934 - Velocimacro : allowInline = true : VMs can be defined inline in templates
2018-10-24 21:24:46,934 - Velocimacro : allowInlineToOverride = false : VMs defined inline may NOT replace previous VM definitions
2018-10-24 21:24:46,934 - Velocimacro : allowInlineLocal = false : VMs defined inline will be  global in scope if allowed.
2018-10-24 21:24:46,934 - Velocimacro : messages on  : VM system will output logging messages
2018-10-24 21:24:46,934 - Velocimacro : autoload off  : VM system will not automatically reload global library macros
2018-10-24 21:24:46,934 - Velocimacro : initialization complete.
2018-10-24 21:24:46,934 - Velocity successfully started.
2018-10-24 21:25:29,665 - SimpleLog4JLogSystem initialized using logfile 'velocity.log'
2018-10-24 21:25:29,665 - ************************************************************** 
2018-10-24 21:25:29,665 - Starting Jakarta Velocity v1.4
2018-10-24 21:25:29,665 - RuntimeInstance initializing.
2018-10-24 21:25:29,665 - Default Properties File: org\apache\velocity\runtime\defaults\velocity.properties
2018-10-24 21:25:29,665 - Trying to use logger class org.apache.velocity.runtime.log.SimpleLog4JLogSystem
2018-10-24 21:25:29,665 - Using logger class org.apache.velocity.runtime.log.SimpleLog4JLogSystem
2018-10-24 21:25:29,667 - Default ResourceManager initializing. (class org.apache.velocity.runtime.resource.ResourceManagerImpl)
2018-10-24 21:25:29,668 - Resource Loader Instantiated: org.apache.velocity.runtime.resource.loader.ClasspathResourceLoader
2018-10-24 21:25:29,668 - ClasspathResourceLoader : initialization starting.
2018-10-24 21:25:29,668 - ClasspathResourceLoader : initialization complete.
2018-10-24 21:25:29,670 - ResourceCache : initialized. (class org.apache.velocity.runtime.resource.ResourceCacheImpl)
2018-10-24 21:25:29,670 - Default ResourceManager initialization complete.
2018-10-24 21:25:29,671 - Loaded System Directive: org.apache.velocity.runtime.directive.Literal
2018-10-24 21:25:29,673 - Loaded System Directive: org.apache.velocity.runtime.directive.Macro
2018-10-24 21:25:29,675 - Loaded System Directive: org.apache.velocity.runtime.directive.Parse
2018-10-24 21:25:29,676 - Loaded System Directive: org.apache.velocity.runtime.directive.Include
2018-10-24 21:25:29,677 - Loaded System Directive: org.apache.velocity.runtime.directive.Foreach
2018-10-24 21:25:29,695 - Created: 20 parsers.
2018-10-24 21:25:29,698 - Velocimacro : initialization starting.
2018-10-24 21:25:29,698 - Velocimacro : adding VMs from VM library template : VM_global_library.vm
2018-10-24 21:25:29,700 - ResourceManager : unable to find resource 'VM_global_library.vm' in any resource loader.
2018-10-24 21:25:29,700 - Velocimacro : error using  VM library template VM_global_library.vm : org.apache.velocity.exception.ResourceNotFoundException: Unable to find resource 'VM_global_library.vm'
2018-10-24 21:25:29,700 - Velocimacro :  VM library template macro registration complete.
2018-10-24 21:25:29,700 - Velocimacro : allowInline = true : VMs can be defined inline in templates
2018-10-24 21:25:29,700 - Velocimacro : allowInlineToOverride = false : VMs defined inline may NOT replace previous VM definitions
2018-10-24 21:25:29,700 - Velocimacro : allowInlineLocal = false : VMs defined inline will be  global in scope if allowed.
2018-10-24 21:25:29,700 - Velocimacro : messages on  : VM system will output logging messages
2018-10-24 21:25:29,700 - Velocimacro : autoload off  : VM system will not automatically reload global library macros
2018-10-24 21:25:29,700 - Velocimacro : initialization complete.
2018-10-24 21:25:29,700 - Velocity successfully started.
2018-10-24 21:27:12,867 - SimpleLog4JLogSystem initialized using logfile 'velocity.log'
2018-10-24 21:27:12,867 - ************************************************************** 
2018-10-24 21:27:12,867 - Starting Jakarta Velocity v1.4
2018-10-24 21:27:12,867 - RuntimeInstance initializing.
2018-10-24 21:27:12,867 - Default Properties File: org\apache\velocity\runtime\defaults\velocity.properties
2018-10-24 21:27:12,867 - Trying to use logger class org.apache.velocity.runtime.log.SimpleLog4JLogSystem
2018-10-24 21:27:12,867 - Using logger class org.apache.velocity.runtime.log.SimpleLog4JLogSystem
2018-10-24 21:27:12,868 - Default ResourceManager initializing. (class org.apache.velocity.runtime.resource.ResourceManagerImpl)
2018-10-24 21:27:12,870 - Resource Loader Instantiated: org.apache.velocity.runtime.resource.loader.ClasspathResourceLoader
2018-10-24 21:27:12,870 - ClasspathResourceLoader : initialization starting.
2018-10-24 21:27:12,870 - ClasspathResourceLoader : initialization complete.
2018-10-24 21:27:12,870 - ResourceCache : initialized. (class org.apache.velocity.runtime.resource.ResourceCacheImpl)
2018-10-24 21:27:12,870 - Default ResourceManager initialization complete.
2018-10-24 21:27:12,872 - Loaded System Directive: org.apache.velocity.runtime.directive.Literal
2018-10-24 21:27:12,873 - Loaded System Directive: org.apache.velocity.runtime.directive.Macro
2018-10-24 21:27:12,874 - Loaded System Directive: org.apache.velocity.runtime.directive.Parse
2018-10-24 21:27:12,875 - Loaded System Directive: org.apache.velocity.runtime.directive.Include
2018-10-24 21:27:12,875 - Loaded System Directive: org.apache.velocity.runtime.directive.Foreach
2018-10-24 21:27:12,894 - Created: 20 parsers.
2018-10-24 21:27:12,897 - Velocimacro : initialization starting.
2018-10-24 21:27:12,898 - Velocimacro : adding VMs from VM library template : VM_global_library.vm
2018-10-24 21:27:12,899 - ResourceManager : unable to find resource 'VM_global_library.vm' in any resource loader.
2018-10-24 21:27:12,899 - Velocimacro : error using  VM library template VM_global_library.vm : org.apache.velocity.exception.ResourceNotFoundException: Unable to find resource 'VM_global_library.vm'
2018-10-24 21:27:12,900 - Velocimacro :  VM library template macro registration complete.
2018-10-24 21:27:12,900 - Velocimacro : allowInline = true : VMs can be defined inline in templates
2018-10-24 21:27:12,900 - Velocimacro : allowInlineToOverride = false : VMs defined inline may NOT replace previous VM definitions
2018-10-24 21:27:12,900 - Velocimacro : allowInlineLocal = false : VMs defined inline will be  global in scope if allowed.
2018-10-24 21:27:12,900 - Velocimacro : messages on  : VM system will output logging messages
2018-10-24 21:27:12,900 - Velocimacro : autoload off  : VM system will not automatically reload global library macros
2018-10-24 21:27:12,900 - Velocimacro : initialization complete.
2018-10-24 21:27:12,900 - Velocity successfully started.
2018-10-24 21:27:47,759 - SimpleLog4JLogSystem initialized using logfile 'velocity.log'
2018-10-24 21:27:47,759 - ************************************************************** 
2018-10-24 21:27:47,759 - Starting Jakarta Velocity v1.4
2018-10-24 21:27:47,759 - RuntimeInstance initializing.
2018-10-24 21:27:47,759 - Default Properties File: org\apache\velocity\runtime\defaults\velocity.properties
2018-10-24 21:27:47,759 - Trying to use logger class org.apache.velocity.runtime.log.SimpleLog4JLogSystem
2018-10-24 21:27:47,759 - Using logger class org.apache.velocity.runtime.log.SimpleLog4JLogSystem
2018-10-24 21:27:47,761 - Default ResourceManager initializing. (class org.apache.velocity.runtime.resource.ResourceManagerImpl)
2018-10-24 21:27:47,762 - Resource Loader Instantiated: org.apache.velocity.runtime.resource.loader.ClasspathResourceLoader
2018-10-24 21:27:47,762 - ClasspathResourceLoader : initialization starting.
2018-10-24 21:27:47,762 - ClasspathResourceLoader : initialization complete.
2018-10-24 21:27:47,763 - ResourceCache : initialized. (class org.apache.velocity.runtime.resource.ResourceCacheImpl)
2018-10-24 21:27:47,763 - Default ResourceManager initialization complete.
2018-10-24 21:27:47,764 - Loaded System Directive: org.apache.velocity.runtime.directive.Literal
2018-10-24 21:27:47,765 - Loaded System Directive: org.apache.velocity.runtime.directive.Macro
2018-10-24 21:27:47,766 - Loaded System Directive: org.apache.velocity.runtime.directive.Parse
2018-10-24 21:27:47,767 - Loaded System Directive: org.apache.velocity.runtime.directive.Include
2018-10-24 21:27:47,767 - Loaded System Directive: org.apache.velocity.runtime.directive.Foreach
2018-10-24 21:27:47,787 - Created: 20 parsers.
2018-10-24 21:27:47,790 - Velocimacro : initialization starting.
2018-10-24 21:27:47,791 - Velocimacro : adding VMs from VM library template : VM_global_library.vm
2018-10-24 21:27:47,793 - ResourceManager : unable to find resource 'VM_global_library.vm' in any resource loader.
2018-10-24 21:27:47,793 - Velocimacro : error using  VM library template VM_global_library.vm : org.apache.velocity.exception.ResourceNotFoundException: Unable to find resource 'VM_global_library.vm'
2018-10-24 21:27:47,793 - Velocimacro :  VM library template macro registration complete.
2018-10-24 21:27:47,793 - Velocimacro : allowInline = true : VMs can be defined inline in templates
2018-10-24 21:27:47,793 - Velocimacro : allowInlineToOverride = false : VMs defined inline may NOT replace previous VM definitions
2018-10-24 21:27:47,793 - Velocimacro : allowInlineLocal = false : VMs defined inline will be  global in scope if allowed.
2018-10-24 21:27:47,793 - Velocimacro : messages on  : VM system will output logging messages
2018-10-24 21:27:47,793 - Velocimacro : autoload off  : VM system will not automatically reload global library macros
2018-10-24 21:27:47,793 - Velocimacro : initialization complete.
2018-10-24 21:27:47,793 - Velocity successfully started.
2018-10-24 21:28:55,247 - SimpleLog4JLogSystem initialized using logfile 'velocity.log'
2018-10-24 21:28:55,247 - ************************************************************** 
2018-10-24 21:28:55,247 - Starting Jakarta Velocity v1.4
2018-10-24 21:28:55,247 - RuntimeInstance initializing.
2018-10-24 21:28:55,247 - Default Properties File: org\apache\velocity\runtime\defaults\velocity.properties
2018-10-24 21:28:55,247 - Trying to use logger class org.apache.velocity.runtime.log.SimpleLog4JLogSystem
2018-10-24 21:28:55,247 - Using logger class org.apache.velocity.runtime.log.SimpleLog4JLogSystem
2018-10-24 21:28:55,248 - Default ResourceManager initializing. (class org.apache.velocity.runtime.resource.ResourceManagerImpl)
2018-10-24 21:28:55,250 - Resource Loader Instantiated: org.apache.velocity.runtime.resource.loader.ClasspathResourceLoader
2018-10-24 21:28:55,250 - ClasspathResourceLoader : initialization starting.
2018-10-24 21:28:55,250 - ClasspathResourceLoader : initialization complete.
2018-10-24 21:28:55,251 - ResourceCache : initialized. (class org.apache.velocity.runtime.resource.ResourceCacheImpl)
2018-10-24 21:28:55,251 - Default ResourceManager initialization complete.
2018-10-24 21:28:55,252 - Loaded System Directive: org.apache.velocity.runtime.directive.Literal
2018-10-24 21:28:55,252 - Loaded System Directive: org.apache.velocity.runtime.directive.Macro
2018-10-24 21:28:55,254 - Loaded System Directive: org.apache.velocity.runtime.directive.Parse
2018-10-24 21:28:55,255 - Loaded System Directive: org.apache.velocity.runtime.directive.Include
2018-10-24 21:28:55,255 - Loaded System Directive: org.apache.velocity.runtime.directive.Foreach
2018-10-24 21:28:55,274 - Created: 20 parsers.
2018-10-24 21:28:55,277 - Velocimacro : initialization starting.
2018-10-24 21:28:55,277 - Velocimacro : adding VMs from VM library template : VM_global_library.vm
2018-10-24 21:28:55,279 - ResourceManager : unable to find resource 'VM_global_library.vm' in any resource loader.
2018-10-24 21:28:55,279 - Velocimacro : error using  VM library template VM_global_library.vm : org.apache.velocity.exception.ResourceNotFoundException: Unable to find resource 'VM_global_library.vm'
2018-10-24 21:28:55,279 - Velocimacro :  VM library template macro registration complete.
2018-10-24 21:28:55,279 - Velocimacro : allowInline = true : VMs can be defined inline in templates
2018-10-24 21:28:55,279 - Velocimacro : allowInlineToOverride = false : VMs defined inline may NOT replace previous VM definitions
2018-10-24 21:28:55,279 - Velocimacro : allowInlineLocal = false : VMs defined inline will be  global in scope if allowed.
2018-10-24 21:28:55,279 - Velocimacro : messages on  : VM system will output logging messages
2018-10-24 21:28:55,279 - Velocimacro : autoload off  : VM system will not automatically reload global library macros
2018-10-24 21:28:55,279 - Velocimacro : initialization complete.
2018-10-24 21:28:55,279 - Velocity successfully started.
2018-10-24 21:30:12,266 - SimpleLog4JLogSystem initialized using logfile 'velocity.log'
2018-10-24 21:30:12,267 - ************************************************************** 
2018-10-24 21:30:12,267 - Starting Jakarta Velocity v1.4
2018-10-24 21:30:12,267 - RuntimeInstance initializing.
2018-10-24 21:30:12,267 - Default Properties File: org\apache\velocity\runtime\defaults\velocity.properties
2018-10-24 21:30:12,267 - Trying to use logger class org.apache.velocity.runtime.log.SimpleLog4JLogSystem
2018-10-24 21:30:12,267 - Using logger class org.apache.velocity.runtime.log.SimpleLog4JLogSystem
2018-10-24 21:30:12,268 - Default ResourceManager initializing. (class org.apache.velocity.runtime.resource.ResourceManagerImpl)
2018-10-24 21:30:12,270 - Resource Loader Instantiated: org.apache.velocity.runtime.resource.loader.ClasspathResourceLoader
2018-10-24 21:30:12,270 - ClasspathResourceLoader : initialization starting.
2018-10-24 21:30:12,270 - ClasspathResourceLoader : initialization complete.
2018-10-24 21:30:12,270 - ResourceCache : initialized. (class org.apache.velocity.runtime.resource.ResourceCacheImpl)
2018-10-24 21:30:12,271 - Default ResourceManager initialization complete.
2018-10-24 21:30:12,271 - Loaded System Directive: org.apache.velocity.runtime.directive.Literal
2018-10-24 21:30:12,272 - Loaded System Directive: org.apache.velocity.runtime.directive.Macro
2018-10-24 21:30:12,273 - Loaded System Directive: org.apache.velocity.runtime.directive.Parse
2018-10-24 21:30:12,274 - Loaded System Directive: org.apache.velocity.runtime.directive.Include
2018-10-24 21:30:12,275 - Loaded System Directive: org.apache.velocity.runtime.directive.Foreach
2018-10-24 21:30:12,292 - Created: 20 parsers.
2018-10-24 21:30:12,295 - Velocimacro : initialization starting.
2018-10-24 21:30:12,295 - Velocimacro : adding VMs from VM library template : VM_global_library.vm
2018-10-24 21:30:12,297 - ResourceManager : unable to find resource 'VM_global_library.vm' in any resource loader.
2018-10-24 21:30:12,297 - Velocimacro : error using  VM library template VM_global_library.vm : org.apache.velocity.exception.ResourceNotFoundException: Unable to find resource 'VM_global_library.vm'
2018-10-24 21:30:12,297 - Velocimacro :  VM library template macro registration complete.
2018-10-24 21:30:12,297 - Velocimacro : allowInline = true : VMs can be defined inline in templates
2018-10-24 21:30:12,297 - Velocimacro : allowInlineToOverride = false : VMs defined inline may NOT replace previous VM definitions
2018-10-24 21:30:12,297 - Velocimacro : allowInlineLocal = false : VMs defined inline will be  global in scope if allowed.
2018-10-24 21:30:12,297 - Velocimacro : messages on  : VM system will output logging messages
2018-10-24 21:30:12,298 - Velocimacro : autoload off  : VM system will not automatically reload global library macros
2018-10-24 21:30:12,298 - Velocimacro : initialization complete.
2018-10-24 21:30:12,298 - Velocity successfully started.
2018-10-24 21:31:28,459 - SimpleLog4JLogSystem initialized using logfile 'velocity.log'
2018-10-24 21:31:28,460 - ************************************************************** 
2018-10-24 21:31:28,460 - Starting Jakarta Velocity v1.4
2018-10-24 21:31:28,460 - RuntimeInstance initializing.
2018-10-24 21:31:28,460 - Default Properties File: org\apache\velocity\runtime\defaults\velocity.properties
2018-10-24 21:31:28,460 - Trying to use logger class org.apache.velocity.runtime.log.SimpleLog4JLogSystem
2018-10-24 21:31:28,460 - Using logger class org.apache.velocity.runtime.log.SimpleLog4JLogSystem
2018-10-24 21:31:28,461 - Default ResourceManager initializing. (class org.apache.velocity.runtime.resource.ResourceManagerImpl)
2018-10-24 21:31:28,462 - Resource Loader Instantiated: org.apache.velocity.runtime.resource.loader.ClasspathResourceLoader
2018-10-24 21:31:28,463 - ClasspathResourceLoader : initialization starting.
2018-10-24 21:31:28,463 - ClasspathResourceLoader : initialization complete.
2018-10-24 21:31:28,463 - ResourceCache : initialized. (class org.apache.velocity.runtime.resource.ResourceCacheImpl)
2018-10-24 21:31:28,463 - Default ResourceManager initialization complete.
2018-10-24 21:31:28,464 - Loaded System Directive: org.apache.velocity.runtime.directive.Literal
2018-10-24 21:31:28,465 - Loaded System Directive: org.apache.velocity.runtime.directive.Macro
2018-10-24 21:31:28,466 - Loaded System Directive: org.apache.velocity.runtime.directive.Parse
2018-10-24 21:31:28,467 - Loaded System Directive: org.apache.velocity.runtime.directive.Include
2018-10-24 21:31:28,468 - Loaded System Directive: org.apache.velocity.runtime.directive.Foreach
2018-10-24 21:31:28,488 - Created: 20 parsers.
2018-10-24 21:31:28,491 - Velocimacro : initialization starting.
2018-10-24 21:31:28,491 - Velocimacro : adding VMs from VM library template : VM_global_library.vm
2018-10-24 21:31:28,493 - ResourceManager : unable to find resource 'VM_global_library.vm' in any resource loader.
2018-10-24 21:31:28,493 - Velocimacro : error using  VM library template VM_global_library.vm : org.apache.velocity.exception.ResourceNotFoundException: Unable to find resource 'VM_global_library.vm'
2018-10-24 21:31:28,493 - Velocimacro :  VM library template macro registration complete.
2018-10-24 21:31:28,493 - Velocimacro : allowInline = true : VMs can be defined inline in templates
2018-10-24 21:31:28,493 - Velocimacro : allowInlineToOverride = false : VMs defined inline may NOT replace previous VM definitions
2018-10-24 21:31:28,493 - Velocimacro : allowInlineLocal = false : VMs defined inline will be  global in scope if allowed.
2018-10-24 21:31:28,493 - Velocimacro : messages on  : VM system will output logging messages
2018-10-24 21:31:28,493 - Velocimacro : autoload off  : VM system will not automatically reload global library macros
2018-10-24 21:31:28,493 - Velocimacro : initialization complete.
2018-10-24 21:31:28,493 - Velocity successfully started.
2018-10-24 21:37:48,656 - SimpleLog4JLogSystem initialized using logfile 'velocity.log'
2018-10-24 21:37:48,656 - ************************************************************** 
2018-10-24 21:37:48,657 - Starting Jakarta Velocity v1.4
2018-10-24 21:37:48,657 - RuntimeInstance initializing.
2018-10-24 21:37:48,657 - Default Properties File: org\apache\velocity\runtime\defaults\velocity.properties
2018-10-24 21:37:48,657 - Trying to use logger class org.apache.velocity.runtime.log.SimpleLog4JLogSystem
2018-10-24 21:37:48,657 - Using logger class org.apache.velocity.runtime.log.SimpleLog4JLogSystem
2018-10-24 21:37:48,659 - Default ResourceManager initializing. (class org.apache.velocity.runtime.resource.ResourceManagerImpl)
2018-10-24 21:37:48,661 - Resource Loader Instantiated: org.apache.velocity.runtime.resource.loader.ClasspathResourceLoader
2018-10-24 21:37:48,661 - ClasspathResourceLoader : initialization starting.
2018-10-24 21:37:48,661 - ClasspathResourceLoader : initialization complete.
2018-10-24 21:37:48,662 - ResourceCache : initialized. (class org.apache.velocity.runtime.resource.ResourceCacheImpl)
2018-10-24 21:37:48,662 - Default ResourceManager initialization complete.
2018-10-24 21:37:48,663 - Loaded System Directive: org.apache.velocity.runtime.directive.Literal
2018-10-24 21:37:48,664 - Loaded System Directive: org.apache.velocity.runtime.directive.Macro
2018-10-24 21:37:48,665 - Loaded System Directive: org.apache.velocity.runtime.directive.Parse
2018-10-24 21:37:48,666 - Loaded System Directive: org.apache.velocity.runtime.directive.Include
2018-10-24 21:37:48,667 - Loaded System Directive: org.apache.velocity.runtime.directive.Foreach
2018-10-24 21:37:48,685 - Created: 20 parsers.
2018-10-24 21:37:48,690 - Velocimacro : initialization starting.
2018-10-24 21:37:48,690 - Velocimacro : adding VMs from VM library template : VM_global_library.vm
2018-10-24 21:37:48,692 - ResourceManager : unable to find resource 'VM_global_library.vm' in any resource loader.
2018-10-24 21:37:48,692 - Velocimacro : error using  VM library template VM_global_library.vm : org.apache.velocity.exception.ResourceNotFoundException: Unable to find resource 'VM_global_library.vm'
2018-10-24 21:37:48,693 - Velocimacro :  VM library template macro registration complete.
2018-10-24 21:37:48,693 - Velocimacro : allowInline = true : VMs can be defined inline in templates
2018-10-24 21:37:48,693 - Velocimacro : allowInlineToOverride = false : VMs defined inline may NOT replace previous VM definitions
2018-10-24 21:37:48,693 - Velocimacro : allowInlineLocal = false : VMs defined inline will be  global in scope if allowed.
2018-10-24 21:37:48,693 - Velocimacro : messages on  : VM system will output logging messages
2018-10-24 21:37:48,693 - Velocimacro : autoload off  : VM system will not automatically reload global library macros
2018-10-24 21:37:48,693 - Velocimacro : initialization complete.
2018-10-24 21:37:48,693 - Velocity successfully started.
2018-10-24 21:38:10,667 - SimpleLog4JLogSystem initialized using logfile 'velocity.log'
2018-10-24 21:38:10,668 - ************************************************************** 
2018-10-24 21:38:10,668 - Starting Jakarta Velocity v1.4
2018-10-24 21:38:10,668 - RuntimeInstance initializing.
2018-10-24 21:38:10,668 - Default Properties File: org\apache\velocity\runtime\defaults\velocity.properties
2018-10-24 21:38:10,668 - Trying to use logger class org.apache.velocity.runtime.log.SimpleLog4JLogSystem
2018-10-24 21:38:10,668 - Using logger class org.apache.velocity.runtime.log.SimpleLog4JLogSystem
2018-10-24 21:38:10,669 - Default ResourceManager initializing. (class org.apache.velocity.runtime.resource.ResourceManagerImpl)
2018-10-24 21:38:10,670 - Resource Loader Instantiated: org.apache.velocity.runtime.resource.loader.ClasspathResourceLoader
2018-10-24 21:38:10,671 - ClasspathResourceLoader : initialization starting.
2018-10-24 21:38:10,671 - ClasspathResourceLoader : initialization complete.
2018-10-24 21:38:10,671 - ResourceCache : initialized. (class org.apache.velocity.runtime.resource.ResourceCacheImpl)
2018-10-24 21:38:10,671 - Default ResourceManager initialization complete.
2018-10-24 21:38:10,672 - Loaded System Directive: org.apache.velocity.runtime.directive.Literal
2018-10-24 21:38:10,673 - Loaded System Directive: org.apache.velocity.runtime.directive.Macro
2018-10-24 21:38:10,674 - Loaded System Directive: org.apache.velocity.runtime.directive.Parse
2018-10-24 21:38:10,674 - Loaded System Directive: org.apache.velocity.runtime.directive.Include
2018-10-24 21:38:10,675 - Loaded System Directive: org.apache.velocity.runtime.directive.Foreach
2018-10-24 21:38:10,691 - Created: 20 parsers.
2018-10-24 21:38:10,694 - Velocimacro : initialization starting.
2018-10-24 21:38:10,694 - Velocimacro : adding VMs from VM library template : VM_global_library.vm
2018-10-24 21:38:10,695 - ResourceManager : unable to find resource 'VM_global_library.vm' in any resource loader.
2018-10-24 21:38:10,695 - Velocimacro : error using  VM library template VM_global_library.vm : org.apache.velocity.exception.ResourceNotFoundException: Unable to find resource 'VM_global_library.vm'
2018-10-24 21:38:10,695 - Velocimacro :  VM library template macro registration complete.
2018-10-24 21:38:10,696 - Velocimacro : allowInline = true : VMs can be defined inline in templates
2018-10-24 21:38:10,696 - Velocimacro : allowInlineToOverride = false : VMs defined inline may NOT replace previous VM definitions
2018-10-24 21:38:10,696 - Velocimacro : allowInlineLocal = false : VMs defined inline will be  global in scope if allowed.
2018-10-24 21:38:10,696 - Velocimacro : messages on  : VM system will output logging messages
2018-10-24 21:38:10,696 - Velocimacro : autoload off  : VM system will not automatically reload global library macros
2018-10-24 21:38:10,696 - Velocimacro : initialization complete.
2018-10-24 21:38:10,696 - Velocity successfully started.
2018-10-24 21:39:57,472 - SimpleLog4JLogSystem initialized using logfile 'velocity.log'
2018-10-24 21:39:57,472 - ************************************************************** 
2018-10-24 21:39:57,472 - Starting Jakarta Velocity v1.4
2018-10-24 21:39:57,472 - RuntimeInstance initializing.
2018-10-24 21:39:57,472 - Default Properties File: org\apache\velocity\runtime\defaults\velocity.properties
2018-10-24 21:39:57,472 - Trying to use logger class org.apache.velocity.runtime.log.SimpleLog4JLogSystem
2018-10-24 21:39:57,472 - Using logger class org.apache.velocity.runtime.log.SimpleLog4JLogSystem
2018-10-24 21:39:57,474 - Default ResourceManager initializing. (class org.apache.velocity.runtime.resource.ResourceManagerImpl)
2018-10-24 21:39:57,479 - Resource Loader Instantiated: org.apache.velocity.runtime.resource.loader.ClasspathResourceLoader
2018-10-24 21:39:57,479 - ClasspathResourceLoader : initialization starting.
2018-10-24 21:39:57,479 - ClasspathResourceLoader : initialization complete.
2018-10-24 21:39:57,480 - ResourceCache : initialized. (class org.apache.velocity.runtime.resource.ResourceCacheImpl)
2018-10-24 21:39:57,480 - Default ResourceManager initialization complete.
2018-10-24 21:39:57,481 - Loaded System Directive: org.apache.velocity.runtime.directive.Literal
2018-10-24 21:39:57,484 - Loaded System Directive: org.apache.velocity.runtime.directive.Macro
2018-10-24 21:39:57,485 - Loaded System Directive: org.apache.velocity.runtime.directive.Parse
2018-10-24 21:39:57,486 - Loaded System Directive: org.apache.velocity.runtime.directive.Include
2018-10-24 21:39:57,486 - Loaded System Directive: org.apache.velocity.runtime.directive.Foreach
2018-10-24 21:39:57,519 - Created: 20 parsers.
2018-10-24 21:39:57,521 - Velocimacro : initialization starting.
2018-10-24 21:39:57,521 - Velocimacro : adding VMs from VM library template : VM_global_library.vm
2018-10-24 21:39:57,523 - ResourceManager : unable to find resource 'VM_global_library.vm' in any resource loader.
2018-10-24 21:39:57,523 - Velocimacro : error using  VM library template VM_global_library.vm : org.apache.velocity.exception.ResourceNotFoundException: Unable to find resource 'VM_global_library.vm'
2018-10-24 21:39:57,523 - Velocimacro :  VM library template macro registration complete.
2018-10-24 21:39:57,523 - Velocimacro : allowInline = true : VMs can be defined inline in templates
2018-10-24 21:39:57,523 - Velocimacro : allowInlineToOverride = false : VMs defined inline may NOT replace previous VM definitions
2018-10-24 21:39:57,523 - Velocimacro : allowInlineLocal = false : VMs defined inline will be  global in scope if allowed.
2018-10-24 21:39:57,523 - Velocimacro : messages on  : VM system will output logging messages
2018-10-24 21:39:57,523 - Velocimacro : autoload off  : VM system will not automatically reload global library macros
2018-10-24 21:39:57,523 - Velocimacro : initialization complete.
2018-10-24 21:39:57,523 - Velocity successfully started.
2018-10-24 21:41:40,412 - SimpleLog4JLogSystem initialized using logfile 'velocity.log'
2018-10-24 21:41:40,412 - ************************************************************** 
2018-10-24 21:41:40,412 - Starting Jakarta Velocity v1.4
2018-10-24 21:41:40,412 - RuntimeInstance initializing.
2018-10-24 21:41:40,412 - Default Properties File: org\apache\velocity\runtime\defaults\velocity.properties
2018-10-24 21:41:40,412 - Trying to use logger class org.apache.velocity.runtime.log.SimpleLog4JLogSystem
2018-10-24 21:41:40,412 - Using logger class org.apache.velocity.runtime.log.SimpleLog4JLogSystem
2018-10-24 21:41:40,414 - Default ResourceManager initializing. (class org.apache.velocity.runtime.resource.ResourceManagerImpl)
2018-10-24 21:41:40,415 - Resource Loader Instantiated: org.apache.velocity.runtime.resource.loader.ClasspathResourceLoader
2018-10-24 21:41:40,415 - ClasspathResourceLoader : initialization starting.
2018-10-24 21:41:40,415 - ClasspathResourceLoader : initialization complete.
2018-10-24 21:41:40,415 - ResourceCache : initialized. (class org.apache.velocity.runtime.resource.ResourceCacheImpl)
2018-10-24 21:41:40,415 - Default ResourceManager initialization complete.
2018-10-24 21:41:40,416 - Loaded System Directive: org.apache.velocity.runtime.directive.Literal
2018-10-24 21:41:40,417 - Loaded System Directive: org.apache.velocity.runtime.directive.Macro
2018-10-24 21:41:40,418 - Loaded System Directive: org.apache.velocity.runtime.directive.Parse
2018-10-24 21:41:40,419 - Loaded System Directive: org.apache.velocity.runtime.directive.Include
2018-10-24 21:41:40,419 - Loaded System Directive: org.apache.velocity.runtime.directive.Foreach
2018-10-24 21:41:40,437 - Created: 20 parsers.
2018-10-24 21:41:40,440 - Velocimacro : initialization starting.
2018-10-24 21:41:40,440 - Velocimacro : adding VMs from VM library template : VM_global_library.vm
2018-10-24 21:41:40,442 - ResourceManager : unable to find resource 'VM_global_library.vm' in any resource loader.
2018-10-24 21:41:40,442 - Velocimacro : error using  VM library template VM_global_library.vm : org.apache.velocity.exception.ResourceNotFoundException: Unable to find resource 'VM_global_library.vm'
2018-10-24 21:41:40,442 - Velocimacro :  VM library template macro registration complete.
2018-10-24 21:41:40,442 - Velocimacro : allowInline = true : VMs can be defined inline in templates
2018-10-24 21:41:40,442 - Velocimacro : allowInlineToOverride = false : VMs defined inline may NOT replace previous VM definitions
2018-10-24 21:41:40,442 - Velocimacro : allowInlineLocal = false : VMs defined inline will be  global in scope if allowed.
2018-10-24 21:41:40,442 - Velocimacro : messages on  : VM system will output logging messages
2018-10-24 21:41:40,442 - Velocimacro : autoload off  : VM system will not automatically reload global library macros
2018-10-24 21:41:40,442 - Velocimacro : initialization complete.
2018-10-24 21:41:40,442 - Velocity successfully started.
2018-10-24 21:44:19,255 - SimpleLog4JLogSystem initialized using logfile 'velocity.log'
2018-10-24 21:44:19,255 - ************************************************************** 
2018-10-24 21:44:19,255 - Starting Jakarta Velocity v1.4
2018-10-24 21:44:19,255 - RuntimeInstance initializing.
2018-10-24 21:44:19,255 - Default Properties File: org\apache\velocity\runtime\defaults\velocity.properties
2018-10-24 21:44:19,255 - Trying to use logger class org.apache.velocity.runtime.log.SimpleLog4JLogSystem
2018-10-24 21:44:19,255 - Using logger class org.apache.velocity.runtime.log.SimpleLog4JLogSystem
2018-10-24 21:44:19,257 - Default ResourceManager initializing. (class org.apache.velocity.runtime.resource.ResourceManagerImpl)
2018-10-24 21:44:19,258 - Resource Loader Instantiated: org.apache.velocity.runtime.resource.loader.ClasspathResourceLoader
2018-10-24 21:44:19,258 - ClasspathResourceLoader : initialization starting.
2018-10-24 21:44:19,258 - ClasspathResourceLoader : initialization complete.
2018-10-24 21:44:19,258 - ResourceCache : initialized. (class org.apache.velocity.runtime.resource.ResourceCacheImpl)
2018-10-24 21:44:19,258 - Default ResourceManager initialization complete.
2018-10-24 21:44:19,259 - Loaded System Directive: org.apache.velocity.runtime.directive.Literal
2018-10-24 21:44:19,260 - Loaded System Directive: org.apache.velocity.runtime.directive.Macro
2018-10-24 21:44:19,261 - Loaded System Directive: org.apache.velocity.runtime.directive.Parse
2018-10-24 21:44:19,262 - Loaded System Directive: org.apache.velocity.runtime.directive.Include
2018-10-24 21:44:19,262 - Loaded System Directive: org.apache.velocity.runtime.directive.Foreach
2018-10-24 21:44:19,279 - Created: 20 parsers.
2018-10-24 21:44:19,281 - Velocimacro : initialization starting.
2018-10-24 21:44:19,281 - Velocimacro : adding VMs from VM library template : VM_global_library.vm
2018-10-24 21:44:19,282 - ResourceManager : unable to find resource 'VM_global_library.vm' in any resource loader.
2018-10-24 21:44:19,282 - Velocimacro : error using  VM library template VM_global_library.vm : org.apache.velocity.exception.ResourceNotFoundException: Unable to find resource 'VM_global_library.vm'
2018-10-24 21:44:19,282 - Velocimacro :  VM library template macro registration complete.
2018-10-24 21:44:19,283 - Velocimacro : allowInline = true : VMs can be defined inline in templates
2018-10-24 21:44:19,283 - Velocimacro : allowInlineToOverride = false : VMs defined inline may NOT replace previous VM definitions
2018-10-24 21:44:19,283 - Velocimacro : allowInlineLocal = false : VMs defined inline will be  global in scope if allowed.
2018-10-24 21:44:19,283 - Velocimacro : messages on  : VM system will output logging messages
2018-10-24 21:44:19,283 - Velocimacro : autoload off  : VM system will not automatically reload global library macros
2018-10-24 21:44:19,283 - Velocimacro : initialization complete.
2018-10-24 21:44:19,283 - Velocity successfully started.
2018-10-24 21:59:06,346 - SimpleLog4JLogSystem initialized using logfile 'velocity.log'
2018-10-24 21:59:06,346 - ************************************************************** 
2018-10-24 21:59:06,346 - Starting Jakarta Velocity v1.4
2018-10-24 21:59:06,346 - RuntimeInstance initializing.
2018-10-24 21:59:06,346 - Default Properties File: org\apache\velocity\runtime\defaults\velocity.properties
2018-10-24 21:59:06,346 - Trying to use logger class org.apache.velocity.runtime.log.SimpleLog4JLogSystem
2018-10-24 21:59:06,346 - Using logger class org.apache.velocity.runtime.log.SimpleLog4JLogSystem
2018-10-24 21:59:06,348 - Default ResourceManager initializing. (class org.apache.velocity.runtime.resource.ResourceManagerImpl)
2018-10-24 21:59:06,349 - Resource Loader Instantiated: org.apache.velocity.runtime.resource.loader.ClasspathResourceLoader
2018-10-24 21:59:06,349 - ClasspathResourceLoader : initialization starting.
2018-10-24 21:59:06,349 - ClasspathResourceLoader : initialization complete.
2018-10-24 21:59:06,349 - ResourceCache : initialized. (class org.apache.velocity.runtime.resource.ResourceCacheImpl)
2018-10-24 21:59:06,350 - Default ResourceManager initialization complete.
2018-10-24 21:59:06,350 - Loaded System Directive: org.apache.velocity.runtime.directive.Literal
2018-10-24 21:59:06,351 - Loaded System Directive: org.apache.velocity.runtime.directive.Macro
2018-10-24 21:59:06,352 - Loaded System Directive: org.apache.velocity.runtime.directive.Parse
2018-10-24 21:59:06,353 - Loaded System Directive: org.apache.velocity.runtime.directive.Include
2018-10-24 21:59:06,353 - Loaded System Directive: org.apache.velocity.runtime.directive.Foreach
2018-10-24 21:59:06,369 - Created: 20 parsers.
2018-10-24 21:59:06,371 - Velocimacro : initialization starting.
2018-10-24 21:59:06,371 - Velocimacro : adding VMs from VM library template : VM_global_library.vm
2018-10-24 21:59:06,373 - ResourceManager : unable to find resource 'VM_global_library.vm' in any resource loader.
2018-10-24 21:59:06,373 - Velocimacro : error using  VM library template VM_global_library.vm : org.apache.velocity.exception.ResourceNotFoundException: Unable to find resource 'VM_global_library.vm'
2018-10-24 21:59:06,373 - Velocimacro :  VM library template macro registration complete.
2018-10-24 21:59:06,373 - Velocimacro : allowInline = true : VMs can be defined inline in templates
2018-10-24 21:59:06,373 - Velocimacro : allowInlineToOverride = false : VMs defined inline may NOT replace previous VM definitions
2018-10-24 21:59:06,373 - Velocimacro : allowInlineLocal = false : VMs defined inline will be  global in scope if allowed.
2018-10-24 21:59:06,373 - Velocimacro : messages on  : VM system will output logging messages
2018-10-24 21:59:06,373 - Velocimacro : autoload off  : VM system will not automatically reload global library macros
2018-10-24 21:59:06,373 - Velocimacro : initialization complete.
2018-10-24 21:59:06,373 - Velocity successfully started.
2018-10-24 21:59:45,565 - SimpleLog4JLogSystem initialized using logfile 'velocity.log'
2018-10-24 21:59:45,566 - ************************************************************** 
2018-10-24 21:59:45,566 - Starting Jakarta Velocity v1.4
2018-10-24 21:59:45,566 - RuntimeInstance initializing.
2018-10-24 21:59:45,566 - Default Properties File: org\apache\velocity\runtime\defaults\velocity.properties
2018-10-24 21:59:45,566 - Trying to use logger class org.apache.velocity.runtime.log.SimpleLog4JLogSystem
2018-10-24 21:59:45,566 - Using logger class org.apache.velocity.runtime.log.SimpleLog4JLogSystem
2018-10-24 21:59:45,567 - Default ResourceManager initializing. (class org.apache.velocity.runtime.resource.ResourceManagerImpl)
2018-10-24 21:59:45,569 - Resource Loader Instantiated: org.apache.velocity.runtime.resource.loader.ClasspathResourceLoader
2018-10-24 21:59:45,569 - ClasspathResourceLoader : initialization starting.
2018-10-24 21:59:45,569 - ClasspathResourceLoader : initialization complete.
2018-10-24 21:59:45,570 - ResourceCache : initialized. (class org.apache.velocity.runtime.resource.ResourceCacheImpl)
2018-10-24 21:59:45,570 - Default ResourceManager initialization complete.
2018-10-24 21:59:45,571 - Loaded System Directive: org.apache.velocity.runtime.directive.Literal
2018-10-24 21:59:45,572 - Loaded System Directive: org.apache.velocity.runtime.directive.Macro
2018-10-24 21:59:45,573 - Loaded System Directive: org.apache.velocity.runtime.directive.Parse
2018-10-24 21:59:45,574 - Loaded System Directive: org.apache.velocity.runtime.directive.Include
2018-10-24 21:59:45,574 - Loaded System Directive: org.apache.velocity.runtime.directive.Foreach
2018-10-24 21:59:45,594 - Created: 20 parsers.
2018-10-24 21:59:45,598 - Velocimacro : initialization starting.
2018-10-24 21:59:45,598 - Velocimacro : adding VMs from VM library template : VM_global_library.vm
2018-10-24 21:59:45,601 - ResourceManager : unable to find resource 'VM_global_library.vm' in any resource loader.
2018-10-24 21:59:45,601 - Velocimacro : error using  VM library template VM_global_library.vm : org.apache.velocity.exception.ResourceNotFoundException: Unable to find resource 'VM_global_library.vm'
2018-10-24 21:59:45,601 - Velocimacro :  VM library template macro registration complete.
2018-10-24 21:59:45,601 - Velocimacro : allowInline = true : VMs can be defined inline in templates
2018-10-24 21:59:45,601 - Velocimacro : allowInlineToOverride = false : VMs defined inline may NOT replace previous VM definitions
2018-10-24 21:59:45,601 - Velocimacro : allowInlineLocal = false : VMs defined inline will be  global in scope if allowed.
2018-10-24 21:59:45,601 - Velocimacro : messages on  : VM system will output logging messages
2018-10-24 21:59:45,601 - Velocimacro : autoload off  : VM system will not automatically reload global library macros
2018-10-24 21:59:45,601 - Velocimacro : initialization complete.
2018-10-24 21:59:45,601 - Velocity successfully started.
2018-10-24 22:02:43,174 - SimpleLog4JLogSystem initialized using logfile 'velocity.log'
2018-10-24 22:02:43,174 - ************************************************************** 
2018-10-24 22:02:43,174 - Starting Jakarta Velocity v1.4
2018-10-24 22:02:43,174 - RuntimeInstance initializing.
2018-10-24 22:02:43,175 - Default Properties File: org\apache\velocity\runtime\defaults\velocity.properties
2018-10-24 22:02:43,175 - Trying to use logger class org.apache.velocity.runtime.log.SimpleLog4JLogSystem
2018-10-24 22:02:43,175 - Using logger class org.apache.velocity.runtime.log.SimpleLog4JLogSystem
2018-10-24 22:02:43,176 - Default ResourceManager initializing. (class org.apache.velocity.runtime.resource.ResourceManagerImpl)
2018-10-24 22:02:43,178 - Resource Loader Instantiated: org.apache.velocity.runtime.resource.loader.ClasspathResourceLoader
2018-10-24 22:02:43,178 - ClasspathResourceLoader : initialization starting.
2018-10-24 22:02:43,178 - ClasspathResourceLoader : initialization complete.
2018-10-24 22:02:43,179 - ResourceCache : initialized. (class org.apache.velocity.runtime.resource.ResourceCacheImpl)
2018-10-24 22:02:43,179 - Default ResourceManager initialization complete.
2018-10-24 22:02:43,180 - Loaded System Directive: org.apache.velocity.runtime.directive.Literal
2018-10-24 22:02:43,181 - Loaded System Directive: org.apache.velocity.runtime.directive.Macro
2018-10-24 22:02:43,182 - Loaded System Directive: org.apache.velocity.runtime.directive.Parse
2018-10-24 22:02:43,183 - Loaded System Directive: org.apache.velocity.runtime.directive.Include
2018-10-24 22:02:43,183 - Loaded System Directive: org.apache.velocity.runtime.directive.Foreach
2018-10-24 22:02:43,202 - Created: 20 parsers.
2018-10-24 22:02:43,205 - Velocimacro : initialization starting.
2018-10-24 22:02:43,205 - Velocimacro : adding VMs from VM library template : VM_global_library.vm
2018-10-24 22:02:43,207 - ResourceManager : unable to find resource 'VM_global_library.vm' in any resource loader.
2018-10-24 22:02:43,207 - Velocimacro : error using  VM library template VM_global_library.vm : org.apache.velocity.exception.ResourceNotFoundException: Unable to find resource 'VM_global_library.vm'
2018-10-24 22:02:43,207 - Velocimacro :  VM library template macro registration complete.
2018-10-24 22:02:43,207 - Velocimacro : allowInline = true : VMs can be defined inline in templates
2018-10-24 22:02:43,207 - Velocimacro : allowInlineToOverride = false : VMs defined inline may NOT replace previous VM definitions
2018-10-24 22:02:43,208 - Velocimacro : allowInlineLocal = false : VMs defined inline will be  global in scope if allowed.
2018-10-24 22:02:43,208 - Velocimacro : messages on  : VM system will output logging messages
2018-10-24 22:02:43,208 - Velocimacro : autoload off  : VM system will not automatically reload global library macros
2018-10-24 22:02:43,208 - Velocimacro : initialization complete.
2018-10-24 22:02:43,208 - Velocity successfully started.
2018-10-24 22:07:24,857 - SimpleLog4JLogSystem initialized using logfile 'velocity.log'
2018-10-24 22:07:24,858 - ************************************************************** 
2018-10-24 22:07:24,858 - Starting Jakarta Velocity v1.4
2018-10-24 22:07:24,858 - RuntimeInstance initializing.
2018-10-24 22:07:24,858 - Default Properties File: org\apache\velocity\runtime\defaults\velocity.properties
2018-10-24 22:07:24,858 - Trying to use logger class org.apache.velocity.runtime.log.SimpleLog4JLogSystem
2018-10-24 22:07:24,858 - Using logger class org.apache.velocity.runtime.log.SimpleLog4JLogSystem
2018-10-24 22:07:24,863 - Default ResourceManager initializing. (class org.apache.velocity.runtime.resource.ResourceManagerImpl)
2018-10-24 22:07:24,865 - Resource Loader Instantiated: org.apache.velocity.runtime.resource.loader.ClasspathResourceLoader
2018-10-24 22:07:24,865 - ClasspathResourceLoader : initialization starting.
2018-10-24 22:07:24,865 - ClasspathResourceLoader : initialization complete.
2018-10-24 22:07:24,867 - ResourceCache : initialized. (class org.apache.velocity.runtime.resource.ResourceCacheImpl)
2018-10-24 22:07:24,867 - Default ResourceManager initialization complete.
2018-10-24 22:07:24,868 - Loaded System Directive: org.apache.velocity.runtime.directive.Literal
2018-10-24 22:07:24,870 - Loaded System Directive: org.apache.velocity.runtime.directive.Macro
2018-10-24 22:07:24,871 - Loaded System Directive: org.apache.velocity.runtime.directive.Parse
2018-10-24 22:07:24,872 - Loaded System Directive: org.apache.velocity.runtime.directive.Include
2018-10-24 22:07:24,873 - Loaded System Directive: org.apache.velocity.runtime.directive.Foreach
2018-10-24 22:07:24,900 - Created: 20 parsers.
2018-10-24 22:07:24,903 - Velocimacro : initialization starting.
2018-10-24 22:07:24,904 - Velocimacro : adding VMs from VM library template : VM_global_library.vm
2018-10-24 22:07:24,918 - ResourceManager : unable to find resource 'VM_global_library.vm' in any resource loader.
2018-10-24 22:07:24,918 - Velocimacro : error using  VM library template VM_global_library.vm : org.apache.velocity.exception.ResourceNotFoundException: Unable to find resource 'VM_global_library.vm'
2018-10-24 22:07:24,918 - Velocimacro :  VM library template macro registration complete.
2018-10-24 22:07:24,918 - Velocimacro : allowInline = true : VMs can be defined inline in templates
2018-10-24 22:07:24,918 - Velocimacro : allowInlineToOverride = false : VMs defined inline may NOT replace previous VM definitions
2018-10-24 22:07:24,918 - Velocimacro : allowInlineLocal = false : VMs defined inline will be  global in scope if allowed.
2018-10-24 22:07:24,918 - Velocimacro : messages on  : VM system will output logging messages
2018-10-24 22:07:24,918 - Velocimacro : autoload off  : VM system will not automatically reload global library macros
2018-10-24 22:07:24,918 - Velocimacro : initialization complete.
2018-10-24 22:07:24,918 - Velocity successfully started.
2018-10-24 22:24:57,787 - SimpleLog4JLogSystem initialized using logfile 'velocity.log'
2018-10-24 22:24:57,787 - ************************************************************** 
2018-10-24 22:24:57,787 - Starting Jakarta Velocity v1.4
2018-10-24 22:24:57,787 - RuntimeInstance initializing.
2018-10-24 22:24:57,787 - Default Properties File: org\apache\velocity\runtime\defaults\velocity.properties
2018-10-24 22:24:57,787 - Trying to use logger class org.apache.velocity.runtime.log.SimpleLog4JLogSystem
2018-10-24 22:24:57,787 - Using logger class org.apache.velocity.runtime.log.SimpleLog4JLogSystem
2018-10-24 22:24:57,789 - Default ResourceManager initializing. (class org.apache.velocity.runtime.resource.ResourceManagerImpl)
2018-10-24 22:24:57,790 - Resource Loader Instantiated: org.apache.velocity.runtime.resource.loader.ClasspathResourceLoader
2018-10-24 22:24:57,790 - ClasspathResourceLoader : initialization starting.
2018-10-24 22:24:57,790 - ClasspathResourceLoader : initialization complete.
2018-10-24 22:24:57,791 - ResourceCache : initialized. (class org.apache.velocity.runtime.resource.ResourceCacheImpl)
2018-10-24 22:24:57,791 - Default ResourceManager initialization complete.
2018-10-24 22:24:57,792 - Loaded System Directive: org.apache.velocity.runtime.directive.Literal
2018-10-24 22:24:57,793 - Loaded System Directive: org.apache.velocity.runtime.directive.Macro
2018-10-24 22:24:57,794 - Loaded System Directive: org.apache.velocity.runtime.directive.Parse
2018-10-24 22:24:57,795 - Loaded System Directive: org.apache.velocity.runtime.directive.Include
2018-10-24 22:24:57,795 - Loaded System Directive: org.apache.velocity.runtime.directive.Foreach
2018-10-24 22:24:57,816 - Created: 20 parsers.
2018-10-24 22:24:57,819 - Velocimacro : initialization starting.
2018-10-24 22:24:57,819 - Velocimacro : adding VMs from VM library template : VM_global_library.vm
2018-10-24 22:24:57,821 - ResourceManager : unable to find resource 'VM_global_library.vm' in any resource loader.
2018-10-24 22:24:57,821 - Velocimacro : error using  VM library template VM_global_library.vm : org.apache.velocity.exception.ResourceNotFoundException: Unable to find resource 'VM_global_library.vm'
2018-10-24 22:24:57,821 - Velocimacro :  VM library template macro registration complete.
2018-10-24 22:24:57,821 - Velocimacro : allowInline = true : VMs can be defined inline in templates
2018-10-24 22:24:57,821 - Velocimacro : allowInlineToOverride = false : VMs defined inline may NOT replace previous VM definitions
2018-10-24 22:24:57,821 - Velocimacro : allowInlineLocal = false : VMs defined inline will be  global in scope if allowed.
2018-10-24 22:24:57,822 - Velocimacro : messages on  : VM system will output logging messages
2018-10-24 22:24:57,822 - Velocimacro : autoload off  : VM system will not automatically reload global library macros
2018-10-24 22:24:57,822 - Velocimacro : initialization complete.
2018-10-24 22:24:57,822 - Velocity successfully started.
2018-10-24 22:25:48,796 - SimpleLog4JLogSystem initialized using logfile 'velocity.log'
2018-10-24 22:25:48,796 - ************************************************************** 
2018-10-24 22:25:48,796 - Starting Jakarta Velocity v1.4
2018-10-24 22:25:48,796 - RuntimeInstance initializing.
2018-10-24 22:25:48,796 - Default Properties File: org\apache\velocity\runtime\defaults\velocity.properties
2018-10-24 22:25:48,796 - Trying to use logger class org.apache.velocity.runtime.log.SimpleLog4JLogSystem
2018-10-24 22:25:48,796 - Using logger class org.apache.velocity.runtime.log.SimpleLog4JLogSystem
2018-10-24 22:25:48,798 - Default ResourceManager initializing. (class org.apache.velocity.runtime.resource.ResourceManagerImpl)
2018-10-24 22:25:48,799 - Resource Loader Instantiated: org.apache.velocity.runtime.resource.loader.ClasspathResourceLoader
2018-10-24 22:25:48,799 - ClasspathResourceLoader : initialization starting.
2018-10-24 22:25:48,799 - ClasspathResourceLoader : initialization complete.
2018-10-24 22:25:48,800 - ResourceCache : initialized. (class org.apache.velocity.runtime.resource.ResourceCacheImpl)
2018-10-24 22:25:48,800 - Default ResourceManager initialization complete.
2018-10-24 22:25:48,801 - Loaded System Directive: org.apache.velocity.runtime.directive.Literal
2018-10-24 22:25:48,802 - Loaded System Directive: org.apache.velocity.runtime.directive.Macro
2018-10-24 22:25:48,803 - Loaded System Directive: org.apache.velocity.runtime.directive.Parse
2018-10-24 22:25:48,804 - Loaded System Directive: org.apache.velocity.runtime.directive.Include
2018-10-24 22:25:48,804 - Loaded System Directive: org.apache.velocity.runtime.directive.Foreach
2018-10-24 22:25:48,823 - Created: 20 parsers.
2018-10-24 22:25:48,826 - Velocimacro : initialization starting.
2018-10-24 22:25:48,826 - Velocimacro : adding VMs from VM library template : VM_global_library.vm
2018-10-24 22:25:48,828 - ResourceManager : unable to find resource 'VM_global_library.vm' in any resource loader.
2018-10-24 22:25:48,828 - Velocimacro : error using  VM library template VM_global_library.vm : org.apache.velocity.exception.ResourceNotFoundException: Unable to find resource 'VM_global_library.vm'
2018-10-24 22:25:48,828 - Velocimacro :  VM library template macro registration complete.
2018-10-24 22:25:48,828 - Velocimacro : allowInline = true : VMs can be defined inline in templates
2018-10-24 22:25:48,828 - Velocimacro : allowInlineToOverride = false : VMs defined inline may NOT replace previous VM definitions
2018-10-24 22:25:48,828 - Velocimacro : allowInlineLocal = false : VMs defined inline will be  global in scope if allowed.
2018-10-24 22:25:48,828 - Velocimacro : messages on  : VM system will output logging messages
2018-10-24 22:25:48,828 - Velocimacro : autoload off  : VM system will not automatically reload global library macros
2018-10-24 22:25:48,828 - Velocimacro : initialization complete.
2018-10-24 22:25:48,828 - Velocity successfully started.
